2025-01-24 18:51:00 | WARN | repo=course-sys-int-systems | action=commit
2025-01-07 19:48:00 | WARN | repo=course-sys-int-systems | action=commit
2025-01-19 10:13:00 | WARN | repo=course-sys-int-systems | action=commit
2025-12-08 17:54:00 | WARN | repo=course-sys-int-systems | action=commit
2025-03-18 21:24:00 | DEBUG | repo=course-sys-int-systems | action=commit
2025-04-21 19:54:00 | DEBUG | repo=course-sys-int-systems | action=commit
2025-07-12 19:15:00 | INFO | repo=course-sys-int-systems | action=commit
2025-11-13 16:20:00 | WARN | repo=course-sys-int-systems | action=commit
2025-05-02 10:21:00 | DEBUG | repo=course-sys-int-systems | action=commit
2025-02-22 12:44:00 | DEBUG | repo=course-sys-int-systems | action=pull
2025-04-12 07:25:00 | DEBUG | repo=course-sys-int-systems | action=commit
2025-01-11 17:53:00 | WARN | repo=course-sys-int-systems | action=commit
2025-05-03 07:14:00 | DEBUG | repo=course-sys-int-systems | action=commit
2025-10-21 21:02:00 | DEBUG | repo=course-sys-int-systems | action=commit
2025-06-02 15:06:00 | INFO | repo=course-sys-int-systems | action=pull
2025-10-24 14:49:00 | WARN | repo=course-sys-int-systems | action=commit
2025-05-22 18:13:00 | WARN | repo=course-sys-int-systems | action=commit
2025-02-27 09:49:00 | INFO | repo=course-sys-int-systems | action=commit
2025-12-12 07:55:00 | DEBUG | repo=course-sys-int-systems | action=commit
2025-10-19 18:23:00 | WARN | repo=course-sys-int-systems | action=test | passed=true
2025-05-25 12:18:00 | DEBUG | repo=course-sys-int-systems | action=pull
2025-03-17 21:40:00 | WARN | repo=course-sys-int-systems | action=pull
2025-08-19 21:33:00 | WARN | repo=course-sys-int-systems | action=commit
2025-04-01 07:10:00 | INFO | repo=course-sys-int-systems | action=commit
2025-03-24 12:49:00 | INFO | repo=course-sys-int-systems | action=commit
2025-05-28 07:55:00 | DEBUG | repo=course-sys-int-systems | action=edit | files=5
2025-12-08 15:48:00 | WARN | repo=course-sys-int-systems | action=commit
2025-12-06 10:09:00 | WARN | repo=course-sys-int-systems | action=commit
2025-11-27 13:17:00 | INFO | repo=course-sys-int-systems | action=commit
2025-04-07 14:27:00 | WARN | repo=course-sys-int-systems | action=test | passed=true
2025-02-12 07:43:00 | WARN | repo=course-sys-int-systems | action=commit
2025-08-21 10:27:00 | INFO | repo=course-sys-int-systems | action=commit
2025-12-17 14:17:00 | WARN | repo=course-sys-int-systems | action=commit
2025-05-01 13:35:00 | WARN | repo=course-sys-int-systems | action=commit
2025-05-05 13:54:00 | WARN | repo=course-sys-int-systems | action=commit
2025-02-02 08:18:00 | INFO | repo=course-sys-int-systems | action=commit
2025-12-26 07:11:00 | INFO | repo=course-sys-int-systems | action=pull
2025-01-02 12:17:00 | WARN | repo=course-sys-int-systems | action=commit
2025-09-27 12:34:00 | INFO | repo=course-sys-int-systems | action=commit
2025-09-11 07:08:00 | WARN | repo=course-sys-int-systems | action=test | passed=true
2025-07-23 17:56:00 | WARN | repo=course-sys-int-systems | action=commit
2025-06-20 14:39:00 | DEBUG | repo=course-sys-int-systems | action=commit
2025-12-09 20:57:00 | DEBUG | repo=course-sys-int-systems | action=commit
2025-10-23 19:18:00 | DEBUG | repo=course-sys-int-systems | action=commit
2025-09-26 10:29:00 | WARN | repo=course-sys-int-systems | action=commit
2025-09-19 19:56:00 | WARN | repo=course-sys-int-systems | action=commit
2025-06-25 15:49:00 | INFO | repo=course-sys-int-systems | action=commit
2025-01-09 12:38:00 | DEBUG | repo=course-sys-int-systems | action=commit
2025-03-09 19:52:00 | WARN | repo=course-sys-int-systems | action=commit
2025-05-02 13:36:00 | WARN | repo=course-sys-int-systems | action=edit | files=2
2025-12-03 14:17:00 | DEBUG | repo=course-sys-int-systems | action=commit
2025-02-26 11:05:00 | WARN | repo=course-sys-int-systems | action=commit
2025-08-12 09:55:00 | INFO | repo=course-sys-int-systems | action=pull
2025-02-04 20:13:00 | DEBUG | repo=course-sys-int-systems | action=commit
2025-01-27 16:56:00 | WARN | repo=course-sys-int-systems | action=commit
2025-09-08 08:11:00 | DEBUG | repo=course-sys-int-systems | action=commit
2025-05-23 10:10:00 | WARN | repo=course-sys-int-systems | action=commit
2025-09-23 13:49:00 | INFO | repo=course-sys-int-systems | action=commit
2025-08-02 17:11:00 | DEBUG | repo=course-sys-int-systems | action=commit
2025-05-06 18:44:00 | INFO | repo=course-sys-int-systems | action=commit
2025-03-14 19:14:00 | DEBUG | repo=course-sys-int-systems | action=commit
2025-09-18 16:37:00 | DEBUG | repo=course-sys-int-systems | action=test | passed=true
2025-06-23 14:08:00 | INFO | repo=course-sys-int-systems | action=commit
2025-02-18 08:31:00 | WARN | repo=course-sys-int-systems | action=commit
2025-04-24 21:26:00 | DEBUG | repo=course-sys-int-systems | action=commit
2025-01-21 13:05:00 | DEBUG | repo=course-sys-int-systems | action=pull
2025-02-10 18:29:00 | DEBUG | repo=course-sys-int-systems | action=commit
2025-03-28 21:33:00 | DEBUG | repo=course-sys-int-systems | action=commit
2025-10-02 11:30:00 | WARN | repo=course-sys-int-systems | action=commit
2025-12-07 14:09:00 | DEBUG | repo=course-sys-int-systems | action=commit
2025-05-07 13:57:00 | DEBUG | repo=course-sys-int-systems | action=commit
2025-01-16 12:26:00 | WARN | repo=course-sys-int-systems | action=commit
2025-12-17 08:36:00 | WARN | repo=course-sys-int-systems | action=commit
2025-09-20 15:58:00 | WARN | repo=course-sys-int-systems | action=commit
2025-03-27 16:54:00 | INFO | repo=course-sys-int-systems | action=commit
2025-07-07 15:40:00 | DEBUG | repo=course-sys-int-systems | action=commit
2025-03-07 07:08:00 | INFO | repo=course-sys-int-systems | action=commit
2025-08-15 15:31:00 | INFO | repo=course-sys-int-systems | action=commit
2025-01-20 18:39:00 | WARN | repo=course-sys-int-systems | action=commit
2025-06-14 18:33:00 | WARN | repo=course-sys-int-systems | action=commit
2025-10-12 14:50:00 | INFO | repo=course-sys-int-systems | action=commit
2025-08-22 21:22:00 | WARN | repo=course-sys-int-systems | action=edit | files=5
2025-04-15 11:19:00 | INFO | repo=course-sys-int-systems | action=commit
2025-01-06 07:07:00 | WARN | repo=course-sys-int-systems | action=test | passed=true
2025-08-24 20:38:00 | WARN | repo=course-sys-int-systems | action=commit
2025-08-19 12:23:00 | WARN | repo=course-sys-int-systems | action=commit
2025-08-16 09:29:00 | WARN | repo=course-sys-int-systems | action=commit
2025-08-08 19:24:00 | DEBUG | repo=course-sys-int-systems | action=commit
2025-05-21 17:51:00 | DEBUG | repo=course-sys-int-systems | action=pull
2025-09-26 11:21:00 | WARN | repo=course-sys-int-systems | action=test | passed=true
2025-09-15 19:33:00 | INFO | repo=course-sys-int-systems | action=commit
2025-03-10 07:25:00 | DEBUG | repo=course-sys-int-systems | action=commit
2025-04-26 19:10:00 | WARN | repo=course-sys-int-systems | action=commit
2025-10-17 12:25:00 | WARN | repo=course-sys-int-systems | action=commit
2025-07-12 15:32:00 | DEBUG | repo=course-sys-int-systems | action=edit | files=2
2025-08-21 18:35:00 | WARN | repo=course-sys-int-systems | action=commit
2025-04-20 12:51:00 | WARN | repo=course-sys-int-systems | action=commit
2025-10-03 15:32:00 | DEBUG | repo=course-sys-int-systems | action=edit | files=2
2025-04-04 18:26:00 | DEBUG | repo=course-sys-int-systems | action=commit
2025-11-28 11:45:00 | INFO | repo=course-sys-int-systems | action=commit
2025-06-19 09:52:00 | WARN | repo=course-sys-int-systems | action=test | passed=true
2025-11-18 18:37:00 | WARN | repo=course-sys-int-systems | action=commit
2025-02-03 19:51:00 | DEBUG | repo=course-sys-int-systems | action=commit
2025-11-27 09:08:00 | WARN | repo=course-sys-int-systems | action=commit
2025-10-06 13:58:00 | INFO | repo=course-sys-int-systems | action=commit
2025-10-09 19:38:00 | INFO | repo=course-sys-int-systems | action=commit
2025-11-25 11:10:00 | WARN | repo=course-sys-int-systems | action=commit
2025-06-03 08:52:00 | DEBUG | repo=course-sys-int-systems | action=commit
2025-02-22 12:44:00 | WARN | repo=course-sys-int-systems | action=commit
2025-02-15 09:05:00 | INFO | repo=course-sys-int-systems | action=commit
2025-09-25 13:19:00 | WARN | repo=course-sys-int-systems | action=commit
2025-11-26 11:33:00 | DEBUG | repo=course-sys-int-systems | action=commit
2025-02-23 18:05:00 | WARN | repo=course-sys-int-systems | action=commit
2025-06-23 15:48:00 | WARN | repo=course-sys-int-systems | action=commit
2025-11-27 08:41:00 | WARN | repo=course-sys-int-systems | action=commit
2025-05-02 08:07:00 | WARN | repo=course-sys-int-systems | action=test | passed=true
2025-05-18 16:01:00 | WARN | repo=course-sys-int-systems | action=commit
2025-05-07 21:04:00 | WARN | repo=course-sys-int-systems | action=edit | files=5
2025-04-17 14:21:00 | DEBUG | repo=course-sys-int-systems | action=commit
2025-06-15 20:15:00 | INFO | repo=course-sys-int-systems | action=commit
2025-09-22 07:39:00 | DEBUG | repo=course-sys-int-systems | action=edit | files=2
2025-01-11 13:06:00 | INFO | repo=course-sys-int-systems | action=commit
2025-12-02 18:51:00 | WARN | repo=course-sys-int-systems | action=commit
2025-01-01 15:12:00 | DEBUG | repo=course-sys-int-systems | action=commit
2025-12-10 13:21:00 | INFO | repo=course-sys-int-systems | action=commit
2025-11-02 09:49:00 | DEBUG | repo=course-sys-int-systems | action=test | passed=true
2025-09-05 08:15:00 | DEBUG | repo=course-sys-int-systems | action=commit
2025-09-05 12:14:00 | WARN | repo=course-sys-int-systems | action=commit
2025-01-08 12:10:00 | WARN | repo=course-sys-int-systems | action=pull
2025-03-04 21:05:00 | WARN | repo=course-sys-int-systems | action=commit
